<?xml version="1.0" encoding="UTF-8"?>
<!-- Generated by org.testng.reporters.JUnitReportReporter -->
<testsuite hostname="LAPTOP-33I42NLP" failures="0" tests="4" name="automationtesting.SauceDemoTesting" time="27.101" errors="0" timestamp="2025-07-29T18:08:31 IST" skipped="0">
  <testcase classname="automationtesting.SauceDemoTesting" name="testingFilterandAddItemtocart" time="8.688"/>
  <testcase classname="automationtesting.SauceDemoTesting" name="testingFilterandAddItemtocart" time="8.534"/>
  <testcase classname="automationtesting.SauceDemoTesting" name="testingFilterandAddItemtocart" time="8.160"/>
  <testcase classname="automationtesting.SauceDemoTesting" name="titleverification" time="1.719"/>
</testsuite> <!-- automationtesting.SauceDemoTesting -->
