<?xml version="1.0" encoding="UTF-8"?>
<!-- Generated by org.testng.reporters.JUnitReportReporter -->
<testsuite hostname="LAPTOP-33I42NLP" failures="0" tests="4" name="automationtesting.SauceDemoTesting" time="30.729" errors="0" timestamp="2025-07-29T21:20:32 IST" skipped="0">
  <testcase classname="automationtesting.SauceDemoTesting" name="testingFilterandAddItemtocart" time="8.967"/>
  <testcase classname="automationtesting.SauceDemoTesting" name="titleverification" time="1.889"/>
  <testcase classname="automationtesting.SauceDemoTesting" name="testingFilterandAddItemtocart" time="9.103"/>
  <testcase classname="automationtesting.SauceDemoTesting" name="testingFilterandAddItemtocart" time="10.770"/>
</testsuite> <!-- automationtesting.SauceDemoTesting -->
